# JRE version: OpenJDK Runtime Environment (11.0.10) (build 11.0.10+0-b96-7249189)
# Java VM: OpenJDK 64-Bit Server VM (11.0.10+0-b96-7249189, mixed mode, tiered, compressed oops, g1 gc, windows-amd64)
Heap:
 garbage-first heap   total 238592K, used 199486K [0x0000000080000000, 0x0000000100000000)
  region size 1024K, 76 young (77824K), 8 survivors (8192K)
 Metaspace       used 114734K, capacity 118568K, committed 118860K, reserved 1153024K
  class space    used 14831K, capacity 16205K, committed 16252K, reserved 1048576K
GC Heap History (20 events):
Event: 8904.248 GC heap before
{Heap before GC invocations=37 (full 0):
 garbage-first heap   total 238592K, used 108525K [0x0000000080000000, 0x0000000100000000)
  region size 1024K, 3 young (3072K), 1 survivors (1024K)
 Metaspace       used 112685K, capacity 116123K, committed 116684K, reserved 1150976K
  class space    used 14690K, capacity 15970K, committed 16124K, reserved 1048576K
}
Event: 8904.254 GC heap after
{Heap after GC invocations=38 (full 0):
 garbage-first heap   total 238592K, used 107356K [0x0000000080000000, 0x0000000100000000)
  region size 1024K, 1 young (1024K), 1 survivors (1024K)
 Metaspace       used 112685K, capacity 116123K, committed 116684K, reserved 1150976K
  class space    used 14690K, capacity 15970K, committed 16124K, reserved 1048576K
}
Event: 9664.090 GC heap before
{Heap before GC invocations=39 (full 0):
 garbage-first heap   total 238592K, used 171868K [0x0000000080000000, 0x0000000100000000)
  region size 1024K, 55 young (56320K), 1 survivors (1024K)
 Metaspace       used 112746K, capacity 116040K, committed 116940K, reserved 1150976K
  class space    used 14642K, capacity 15860K, committed 16124K, reserved 1048576K
}
Event: 9664.099 GC heap after
{Heap after GC invocations=40 (full 0):
 garbage-first heap   total 238592K, used 107126K [0x0000000080000000, 0x0000000100000000)
  region size 1024K, 5 young (5120K), 5 survivors (5120K)
 Metaspace       used 112746K, capacity 116040K, committed 116940K, reserved 1150976K
  class space    used 14642K, capacity 15860K, committed 16124K, reserved 1048576K
}
Event: 9667.551 GC heap before
{Heap before GC invocations=40 (full 0):
 garbage-first heap   total 238592K, used 165494K [0x0000000080000000, 0x0000000100000000)
  region size 1024K, 63 young (64512K), 5 survivors (5120K)
 Metaspace       used 112898K, capacity 116263K, committed 116940K, reserved 1150976K
  class space    used 14645K, capacity 15866K, committed 16124K, reserved 1048576K
}
Event: 9667.562 GC heap after
{Heap after GC invocations=41 (full 0):
 garbage-first heap   total 238592K, used 111143K [0x0000000080000000, 0x0000000100000000)
  region size 1024K, 5 young (5120K), 5 survivors (5120K)
 Metaspace       used 112898K, capacity 116263K, committed 116940K, reserved 1150976K
  class space    used 14645K, capacity 15866K, committed 16124K, reserved 1048576K
}
Event: 9667.961 GC heap before
{Heap before GC invocations=41 (full 0):
 garbage-first heap   total 238592K, used 133671K [0x0000000080000000, 0x0000000100000000)
  region size 1024K, 29 young (29696K), 5 survivors (5120K)
 Metaspace       used 113006K, capacity 116336K, committed 117196K, reserved 1150976K
  class space    used 14646K, capacity 15867K, committed 16124K, reserved 1048576K
}
Event: 9667.971 GC heap after
{Heap after GC invocations=42 (full 0):
 garbage-first heap   total 238592K, used 111740K [0x0000000080000000, 0x0000000100000000)
  region size 1024K, 5 young (5120K), 5 survivors (5120K)
 Metaspace       used 113006K, capacity 116336K, committed 117196K, reserved 1150976K
  class space    used 14646K, capacity 15867K, committed 16124K, reserved 1048576K
}
Event: 10079.465 GC heap before
{Heap before GC invocations=43 (full 0):
 garbage-first heap   total 238592K, used 191612K [0x0000000080000000, 0x0000000100000000)
  region size 1024K, 70 young (71680K), 5 survivors (5120K)
 Metaspace       used 113343K, capacity 116763K, committed 117196K, reserved 1150976K
  class space    used 14674K, capacity 15920K, committed 16124K, reserved 1048576K
}
Event: 10079.482 GC heap after
{Heap after GC invocations=44 (full 0):
 garbage-first heap   total 238592K, used 116618K [0x0000000080000000, 0x0000000100000000)
  region size 1024K, 9 young (9216K), 9 survivors (9216K)
 Metaspace       used 113343K, capacity 116763K, committed 117196K, reserved 1150976K
  class space    used 14674K, capacity 15920K, committed 16124K, reserved 1048576K
}
Event: 10079.508 GC heap before
{Heap before GC invocations=44 (full 0):
 garbage-first heap   total 238592K, used 118666K [0x0000000080000000, 0x0000000100000000)
  region size 1024K, 11 young (11264K), 9 survivors (9216K)
 Metaspace       used 113349K, capacity 116764K, committed 117196K, reserved 1150976K
  class space    used 14674K, capacity 15920K, committed 16124K, reserved 1048576K
}
Event: 10079.537 GC heap after
{Heap after GC invocations=45 (full 0):
 garbage-first heap   total 238592K, used 109841K [0x0000000080000000, 0x0000000100000000)
  region size 1024K, 2 young (2048K), 2 survivors (2048K)
 Metaspace       used 113349K, capacity 116764K, committed 117196K, reserved 1150976K
  class space    used 14674K, capacity 15920K, committed 16124K, reserved 1048576K
}
Event: 10082.441 GC heap before
{Heap before GC invocations=45 (full 0):
 garbage-first heap   total 238592K, used 170257K [0x0000000080000000, 0x0000000100000000)
  region size 1024K, 63 young (64512K), 2 survivors (2048K)
 Metaspace       used 113577K, capacity 117020K, committed 117452K, reserved 1150976K
  class space    used 14680K, capacity 15930K, committed 16124K, reserved 1048576K
}
Event: 10082.451 GC heap after
{Heap after GC invocations=46 (full 0):
 garbage-first heap   total 238592K, used 111313K [0x0000000080000000, 0x0000000100000000)
  region size 1024K, 3 young (3072K), 3 survivors (3072K)
 Metaspace       used 113577K, capacity 117020K, committed 117452K, reserved 1150976K
  class space    used 14680K, capacity 15930K, committed 16124K, reserved 1048576K
}
Event: 10202.292 GC heap before
{Heap before GC invocations=47 (full 0):
 garbage-first heap   total 238592K, used 197329K [0x0000000080000000, 0x0000000100000000)
  region size 1024K, 74 young (75776K), 3 survivors (3072K)
 Metaspace       used 113673K, capacity 117023K, committed 117708K, reserved 1150976K
  class space    used 14656K, capacity 15881K, committed 16124K, reserved 1048576K
}
Event: 10202.305 GC heap after
{Heap after GC invocations=48 (full 0):
 garbage-first heap   total 238592K, used 117490K [0x0000000080000000, 0x0000000100000000)
  region size 1024K, 9 young (9216K), 9 survivors (9216K)
 Metaspace       used 113673K, capacity 117023K, committed 117708K, reserved 1150976K
  class space    used 14656K, capacity 15881K, committed 16124K, reserved 1048576K
}
Event: 10202.331 GC heap before
{Heap before GC invocations=48 (full 0):
 garbage-first heap   total 238592K, used 119538K [0x0000000080000000, 0x0000000100000000)
  region size 1024K, 11 young (11264K), 9 survivors (9216K)
 Metaspace       used 113676K, capacity 117024K, committed 117708K, reserved 1150976K
  class space    used 14656K, capacity 15881K, committed 16124K, reserved 1048576K
}
Event: 10202.355 GC heap after
{Heap after GC invocations=49 (full 0):
 garbage-first heap   total 238592K, used 111412K [0x0000000080000000, 0x0000000100000000)
  region size 1024K, 2 young (2048K), 2 survivors (2048K)
 Metaspace       used 113676K, capacity 117024K, committed 117708K, reserved 1150976K
  class space    used 14656K, capacity 15881K, committed 16124K, reserved 1048576K
}
Event: 10240.615 GC heap before
{Heap before GC invocations=49 (full 0):
 garbage-first heap   total 238592K, used 184116K [0x0000000080000000, 0x0000000100000000)
  region size 1024K, 73 young (74752K), 2 survivors (2048K)
 Metaspace       used 114299K, capacity 117924K, committed 118220K, reserved 1150976K
  class space    used 14757K, capacity 16070K, committed 16124K, reserved 1048576K
}
Event: 10240.631 GC heap after
{Heap after GC invocations=50 (full 0):
 garbage-first heap   total 238592K, used 117566K [0x0000000080000000, 0x0000000100000000)
  region size 1024K, 8 young (8192K), 8 survivors (8192K)
 Metaspace       used 114299K, capacity 117924K, committed 118220K, reserved 1150976K
  class space    used 14757K, capacity 16070K, committed 16124K, reserved 1048576K
}

